<?xml version="1.0" encoding="UTF-8"?>
<!-- Generated by org.testng.reporters.JUnitXMLReporter -->
<testsuite hostname="giovanni-HP-ENVY-17-Notebook-PC" name="Default test" tests="2" failures="0" timestamp="28 Mar 2016 17:18:55 GMT" time="16.273" errors="0">
  <testcase name="allSolutionsAreListed" time="0.169" classname="com.giobertox.test.automation.sample.tests.CheckSolutionsTests"/>
  <testcase name="solutionsSelectionsWork" time="10.907" classname="com.giobertox.test.automation.sample.tests.CheckSolutionsTests"/>
</testsuite> <!-- Default test -->
